A free table of GNOME
First-directory: Unexpected end.
Try to a card cards
Show the list of diamonds
Ace of hearts
% s was already installed.
Open a new open source open
Super-like game with your network support)
Installation of% s version% s
Available: You can be used with a shell option, or "or" ""

Read the state of the screen
-get
Install software packages, and remove software
Could not get% s in% s
Files _ files
EMusic import
This package is not installed to be installed
File error (root-bit)
Source:
% A has no version, "% A]"% A] "% A]"% A]
Network settings
Downloads to this value
Play a different
Network settings
Place the display and edit your desktop to the display desktop
You are searching and MIDI MIDI and manage
Network settings
Enabled
The GNU window is system
Error:% B does not for a shared object, whereas% B is compiled for more compiled.
Open source-like game
Edit SLUDGE source files
Connected to
Not supported
Network settings
A file manager for X
SLUDGE downloaded-of-like game
Network settings
Cancel the removal of% s.
Play a free and more than one of them
Set Banshee as Banshee
Create
No new songs for {0}.
-get
3D platform simulation of 3D arcade-based, based on a-like game.
Value of the package "% key: 1" can not be a valid
Invalid hint "% s": 1. Got found.
Internal error, service has been broken
Network settings
Server version:% s;% s;% s
A free-platform program for X devices
[% i%%]
A free-platform game with a free-like game with a non-like game.
Invalid command - command; it should be used with a version: Or 1:
Photos
By:
Network settings
Will be used
The following packages conflict with% B% s% b:
The key "% key: 1" does not have any parameters when it is no.
Window Package Manager
View the artist to the artist _ BAR _
Folder Folder
_ Title:
Automatically key
Network settings
Window Package Manager
_ about
Argument
Open-like System
Network settings
Tasks
Network settings
Failed to get Editor
Configure the next change
Control-F
Quake
% B: Unknown relocation type% d
Set the default for the desktop set
Could not get Bacula, there, it is not running.
File not found:% s
Packages to be the automatically automatically
Unable to write to file:% s
Record record% s already exists
Network settings
Invalid response. Please enter a command to the command. Please enter a command.
Connected to Last.fm.
Change your own settings-databases
Network settings
Command command "% s" failed.
You are searching for a queen.
Network settings
This music data is required to the next will be removed or new a new.
Browse your music collection
Version table: "
GTK-based 2
Last.fm Radio
Place the six of hearts next to the five of hearts.
Network settings
This is free software. You need to authenticate.
Network settings
3D chess
View, or display the context or or hide or hide
Table of the window
Desktop player tool
There is a directory to find but it will not be found, but found to find it.
Change and download files
You are searching.
-get Tool
Application
% s has no Job code in the package list.
_ New Folder...
_ [network] [% s...]
Network settings
A free-Qt Qt GUI for the GNU audio
Qt-time strategy tool for MP3 files
Network settings
Create a Client for Linux
Joker
Move ~ a onto the king of clubs.
Graphical interface for the time system of software.
A fast frontend for the network support
This artist to use to use
Window Package Manager
Ibus's Volume games
Client application
BitTorrent Client
Open a free of the audio Desktop based on text
Unsupported reloc type
Tool
Command per 0
Window size (network)
Network settings
Window Package Manager
% s: Option -% s:% s at% d at% d
Music Player devices
Preferences for the system
Remove the two of hearts.
Options:
Base Card:
Hardware support
The following packages will be automatically:
Network settings
Could not find a profile _ _ object _ find
Video-package:
Is
% s dependencies
% B: Unsupported relocation type% u in free section
"" List of the package list "of a package.
You are in a to! --More--! --More--
All podcasts to new album

Unity-2D game
The directory "% s: 1" can not be opened: 1 "can not be opened.
Install
Extra Audio Editor
Network settings
File not in Catalog:% s
-i, -i, and display the directory, and non-only be used in the current directory (')
Hold
Remove the jack of hearts.
Hold
Version table:
Information about aptitude
List to the next list to be packages
Sort album:
MIDI / audio CD and more Management
# broken
Invalid response. Please enter a "command."
-get
New changes is:% d
Configure application to the next file to configure
Select the selected package to be installed or select

Network settings
Set the next to the next menu
A 2D game in the classic arcade game in a word game
No more solutions.
Network settings
You can only be the Debian shell;% s
Network settings
Make _ Client: "% d."
Joker
Will be removed
The menu item is a shared code and an error occurs.
The version "% lang: 1" is not known.
Network settings
Network settings
Window Package Manager
Audio
Network settings
The next solution to the next solution to the package list.
Desktop application
Command command:% s
Set the last track in the currently playing track
Cards application
KDE Volume Manager
Advanced Network Manager
Please enter your Volume of% s-line
CD / DVD "% s" is not
Install a free of the window.
View you want to use a shared-line
New data Project
Network settings
_ actions
The following whether or the game

Place% s to% s.
Simple a simple / Banshee is 1 / Banshee 1
Mail-Mail - game and card
Root

% B: Unable to get% B] because is not a valid valid
Network settings
Change keyboard and change images
Window size (root-))
Network settings
Show for the information by the usage
Network settings
PulseAudio Setup
File System application
OpenGL
-get
Color Type
Create and create audio files
New ^ browser Browser
Network settings
File System application
& file
This problem not have enough disk space.
The game of the window is a shared time. This on the current engine.
GTK interface for Linux
New QR code
;; will be used; will be used; done; done
Check for all package list
And
Network settings
Internal-UPnP number
Invalid instruction.
Network settings
Tool for Linux to time
Network settings
Desktop
-s, do #: - R for client: R)
Network settings
% s is not installed and will not be installed.
No
% s: Not a valid job
Network Client Client
Nine of hearts
Channel% A: Cannot open:% M
Play a-like game "
Invalid
You are searching for a ace.
A simple player game
Network settings
Help
You are searching for the Internet Archive and with the Internet Archive
Table of the window
Name
Warning: Unable to read:% i:% i, whereas% i, whereas% i
DNS failure: System

Accessible
I is used
Network settings
File manager for JACK
Network settings
% B: 0x% lx: Warning: Could not find a shared object
Network settings
Files about the device + + network
A KDE-like KDE manager
Open source source editor
Install% s [% s (% s)]
Version table:
This action
Graphical interface for the network
Solution% s of% s.
Move a card to the foundation.
_ Restart
Expected the < < > is a file to a package
Color Setup
A free-like game for small, music and songs
Game about the and window
% sB of disk space
A simple platform program for multiple desktop
All
Failed to get free for% s / could not be freed.
Desktop Radio desktop application for the system
No _ exists
Current artist
Unknown version% s
A GNOME program to use of image viewer
% B: Section '% A' cannot be in the directory% d
Configure the GNOME shell
But% s is already installed
Network settings
Last.fm is used to {0}.

[Working] [-p] [-p name] [name...]
Network settings
KDE Volume Manager
Package Manager
< key '< name > >
Window Package Manager
Network Folder
Create simple file file files from data data
No connection information to music

% B (% A + 0x% lx): R _ SH _ B _ in not applied in a shared object
Network settings
% s: Cannot get function:% ld is not a valid version% ld.
Could not get "% s"
File to open
Mixer
Do you want to change the six of the source archives? < < > >
File (with ALSA support)
Five of clubs
View and save your media collection! And see the program for and display display data.
Game
File IDE
Keep% s at version% s is preferred over all un-accepted alternatives.
Open source source source simulator
Network settings
MIDI - and save of JACK
Need to get% sB of% sB of% sB of% sB of% sB of archives.
-Up Manager
Network settings
A simple video program
Preview:
% B: Relocation relocation against dynamic symbol% s
Program to the next program for the screen
Open in open mode mode
Time is required
& aborting
A simple arcade like game
Network Folder
Title
Open - table Manager
Network settings
Error
Unknown:% d,
There is a package, but it has not found, it will not be found
Place the five of spades next to the four of spades.
Network settings
-like game
Connect to a file Server
Enter "% s" to be a word to new solutions that this action is enabled.
Cannot get [-f] [arg] [arg...]
Similar to {0}
Graphical user interface for the removed of the package list
Client:
Network settings
% s: Cannot be in a shared object
Network settings
Unable to get a file to% s
Network settings
Last hardware's cards of the cards
Manage your personal in the system environment
Network settings
% n% b files are not allowed.
Could not create% s
Network settings
[Working-table of file]
A file manager for the desktop
Error open Client record "% s."
Between 0 of sound
Open - editor for the next file
Tool for playback-bit
Change the change system
And data analysis
Two of the screen
Channel% A: Version:% d
Client record not found in Catalog.
GNOME-C
Keep% s at version% s is rejected.
Puzzle game similar to the system queue
Network settings
Simple audio player to be a problem report.
Network settings
The sound service was the "new"
Network settings
Missing ')
Title
Gmail Server
% s:% s line% d # 1
Configure File Manager
Network settings
Queen of clubs
Warning:% B and% B uses standard-bit object, whereas for symbol
A simple video program

Remove the jack of hearts
Unexpected ')'
Binary binary X.Org driver (read)]
Configure tool for the next control-like of-like person shooter
Search the Internet Archive
Network settings
Downloaded
Make _ package _ view: Error in a shared -- two?
^ License
Job-like

Create a unable:% s

Banshee Media Player

Y
Too the next to the next menu
Could not open "% s" to open.
Network settings
Network settings
And more Management
Could not find a profile _ _ object _ find
Network settings
The following packages depend on a version of% B% s% b will not be installed:
Network settings
Documents
No "Pool" to Pool "% s" in Pool "% s"
Network settings
Invalid service
Files defined to "% s" failed to be restored.
'+' to install packages and will be installed as automatically installed
Three of hearts
Calendar
+ + -- >, no version, it has no
% s: Invalid option is option.
View Job record% s for "in"% s:
About the screen
List
[Working float]
Network settings
_ add
View on Last.fm
The package-package-package-names _ BAR _ Game
Set of the application to a system
% u was% u.
Create new create
Network settings
Cancel the?
You [n]
Unable to find a package '% s' for "% s"
Linux sound and save
About this game
Support for ''s search'.
Error updating Volume "% s."
Show the user interface to the user interface
% B: Symbol '% s' is not be used in but it
_ view All
Window Package Manager
3D
There must be at least one package, it will be specified, it will be specified.
Commands to have enough default
File device
Invalid service name
Invalid hint "% s": Value, but found nothing.
Download all Volume
To run the current item is required
Window Package Manager
Window Software Center
Open% s failed
A graphical user interface for the PDF data (network)
Very bad

Cancel the removal of% F
Last.fm Folder
Change your system settings.
Audio files to be removed
Invalid hint "% s": Invalid value for playback:% s
The ace of hearts
(By N)
Unable to get a file to% s is not installed, but it is not installed.
Network settings
Songs that with a simple or two your computer

Network settings
The table of the window
Run:

Open [-p]
File System application
Audio track to your audio audio CDs
Network settings
Network settings
Search:
Window Package Manager
Time
Create a free images
Rating:% s with 'could not be specified
_ View
No status type
No dependency version is not an empty
Invalid record in version: "% s"
Error:% s
% P:% B: Relocation in read-zero symbol '% A'.
Error fetching row:% s
-LaTeX Editor
Error:% B uses non-instructions, whereas% B does not
Play a game similar to the same
